<?xml version="1.0" encoding="utf-8" standalone="no"?>
<test-run id="2" testcasecount="1" result="Passed" total="1" passed="1" failed="0" inconclusive="0" skipped="0" asserts="1" engine-version="3.9.0.0" clr-version="4.0.30319.42000" start-time="2019-01-06 12:30:02Z" end-time="2019-01-06 12:30:03Z" duration="0.952710">
  <command-line><![CDATA["C:/Users/mukeshjoshi/Desktop/MyDocs/NUnit.Console-3.9.0/nunit3-console.exe"   "C:\Program Files (x86)\Jenkins\workspace\pipeline\NunitTest\bin\Debug\NunitTest.dll"]]></command-line>
  <test-suite type="Assembly" id="0-1003" name="NunitTest.dll" fullname="NunitTest.dll" runstate="Runnable" testcasecount="1" result="Passed" start-time="2019-01-06 12:30:03Z" end-time="2019-01-06 12:30:03Z" duration="0.088026" total="1" passed="1" failed="0" warnings="0" inconclusive="0" skipped="0" asserts="1">
    <environment framework-version="3.11.0.0" clr-version="4.0.30319.42000" os-version="Microsoft Windows NT 10.0.17134.0" platform="Win32NT" cwd="C:\Users\mukeshjoshi\Desktop\WebAppWithNunitTest" machine-name="MUKESH3149524" user="mukeshjoshi" user-domain="NAGARRO" culture="en-IN" uiculture="en-US" os-architecture="x64" />
    <settings>
      <setting name="DisposeRunners" value="True" />
      <setting name="WorkDirectory" value="C:\Users\mukeshjoshi\Desktop\WebAppWithNunitTest" />
      <setting name="ImageRuntimeVersion" value="4.0.30319" />
      <setting name="ImageTargetFrameworkName" value=".NETFramework,Version=v4.6.1" />
      <setting name="ImageRequiresX86" value="False" />
      <setting name="ImageRequiresDefaultAppDomainAssemblyResolver" value="False" />
      <setting name="NumberOfTestWorkers" value="8" />
    </settings>
    <properties>
      <property name="_PID" value="21696" />
      <property name="_APPDOMAIN" value="domain-" />
    </properties>
    <test-suite type="TestSuite" id="0-1004" name="NunitTest" fullname="NunitTest" runstate="Runnable" testcasecount="1" result="Passed" start-time="2019-01-06 12:30:03Z" end-time="2019-01-06 12:30:03Z" duration="0.067475" total="1" passed="1" failed="0" warnings="0" inconclusive="0" skipped="0" asserts="1">
      <test-suite type="TestFixture" id="0-1000" name="NunitTestClass" fullname="NunitTest.NunitTestClass" classname="NunitTest.NunitTestClass" runstate="Runnable" testcasecount="1" result="Passed" start-time="2019-01-06 12:30:03Z" end-time="2019-01-06 12:30:03Z" duration="0.063792" total="1" passed="1" failed="0" warnings="0" inconclusive="0" skipped="0" asserts="1">
        <test-suite type="ParameterizedMethod" id="0-1002" name="VerifyAddition" fullname="NunitTest.NunitTestClass.VerifyAddition" classname="NunitTest.NunitTestClass" runstate="Runnable" testcasecount="1" result="Passed" start-time="2019-01-06 12:30:03Z" end-time="2019-01-06 12:30:03Z" duration="0.056339" total="1" passed="1" failed="0" warnings="0" inconclusive="0" skipped="0" asserts="1">
          <test-case id="0-1001" name="VerifyAddition()" fullname="NunitTest.NunitTestClass.VerifyAddition()" methodname="VerifyAddition" classname="NunitTest.NunitTestClass" runstate="Runnable" seed="1283819693" result="Passed" start-time="2019-01-06 12:30:03Z" end-time="2019-01-06 12:30:03Z" duration="0.047833" asserts="1" />
        </test-suite>
      </test-suite>
    </test-suite>
  </test-suite>
</test-run>